2018-05-30 11:09:11,421 WARN  [SoapUI] Missing folder [D:\workspaces\workspace-jeebiz\workspace-jeebiz-boot-starters\spring-boot-starter-soapui\ext] for external libraries
2018-05-30 11:09:11,421 INFO  [DefaultSoapUICore] Creating new settings at [C:\Users\Administrator\soapui-settings.xml]
2018-05-30 11:09:12,670 INFO  [PluginManager] 0 plugins loaded in 1 ms
2018-05-30 11:09:12,670 INFO  [DefaultSoapUICore] All plugins loaded
2018-05-30 11:09:13,089 INFO  [SchemaUtils] Added default schema from file:/E:/Java/.m2/repository/com/eviware/soapui/5.4.0/soapui-5.4.0.jar!/com/eviware/soapui/resources/xsds/xop.xsd with targetNamespace http://www.w3.org/2004/08/xop/include
2018-05-30 11:09:13,101 INFO  [SchemaUtils] Added default schema from file:/E:/Java/.m2/repository/com/eviware/soapui/5.4.0/soapui-5.4.0.jar!/com/eviware/soapui/resources/xsds/XMLSchema.xsd with targetNamespace http://www.w3.org/2001/XMLSchema
2018-05-30 11:09:13,102 INFO  [SchemaUtils] Added default schema from file:/E:/Java/.m2/repository/com/eviware/soapui/5.4.0/soapui-5.4.0.jar!/com/eviware/soapui/resources/xsds/xml.xsd with targetNamespace http://www.w3.org/XML/1998/namespace
2018-05-30 11:09:13,103 INFO  [SchemaUtils] Added default schema from file:/E:/Java/.m2/repository/com/eviware/soapui/5.4.0/soapui-5.4.0.jar!/com/eviware/soapui/resources/xsds/swaref.xsd with targetNamespace http://ws-i.org/profiles/basic/1.1/xsd
2018-05-30 11:09:13,104 INFO  [SchemaUtils] Added default schema from file:/E:/Java/.m2/repository/com/eviware/soapui/5.4.0/soapui-5.4.0.jar!/com/eviware/soapui/resources/xsds/xmime200505.xsd with targetNamespace http://www.w3.org/2005/05/xmlmime
2018-05-30 11:09:13,104 INFO  [SchemaUtils] Added default schema from file:/E:/Java/.m2/repository/com/eviware/soapui/5.4.0/soapui-5.4.0.jar!/com/eviware/soapui/resources/xsds/xmime200411.xsd with targetNamespace http://www.w3.org/2004/11/xmlmime
2018-05-30 11:09:13,105 INFO  [SchemaUtils] Added default schema from file:/E:/Java/.m2/repository/com/eviware/soapui/5.4.0/soapui-5.4.0.jar!/com/eviware/soapui/resources/xsds/soapEnvelope.xsd with targetNamespace http://schemas.xmlsoap.org/soap/envelope/
2018-05-30 11:09:13,108 INFO  [SchemaUtils] Added default schema from file:/E:/Java/.m2/repository/com/eviware/soapui/5.4.0/soapui-5.4.0.jar!/com/eviware/soapui/resources/xsds/soapEncoding.xsd with targetNamespace http://schemas.xmlsoap.org/soap/encoding/
2018-05-30 11:09:13,109 INFO  [SchemaUtils] Added default schema from file:/E:/Java/.m2/repository/com/eviware/soapui/5.4.0/soapui-5.4.0.jar!/com/eviware/soapui/resources/xsds/soapEnvelope12.xsd with targetNamespace http://www.w3.org/2003/05/soap-envelope
2018-05-30 11:09:13,114 INFO  [SchemaUtils] Added default schema from file:/E:/Java/.m2/repository/com/eviware/soapui/5.4.0/soapui-5.4.0.jar!/com/eviware/soapui/resources/xsds/soapEncoding12.xsd with targetNamespace http://www.w3.org/2003/05/soap-encoding
2018-05-30 11:09:20,408 INFO  [SchemaUtils] Loading schema types from [http://www.webxml.com.cn/WebServices/IpAddressSearchWebService.asmx?wsdl]
2018-05-30 11:09:20,408 INFO  [SchemaUtils] Getting schema http://www.webxml.com.cn/WebServices/IpAddressSearchWebService.asmx?wsdl
2018-05-30 11:09:20,734 WARN  [SchemaUtils] Error: jar:file:/E:/Java/.m2/repository/com/eviware/soapui/5.4.0/soapui-5.4.0.jar!/com/eviware/soapui/resources/xsds/soapEncoding12.xsd:0: warning: id-idref-idrefs-entity-entities-notation: For compatibility, type 'ID' should only be used for attributes (used for element 'ID@http://www.w3.org/2003/05/soap-encoding').
2018-05-30 11:09:20,734 WARN  [SchemaUtils] Error: jar:file:/E:/Java/.m2/repository/com/eviware/soapui/5.4.0/soapui-5.4.0.jar!/com/eviware/soapui/resources/xsds/soapEncoding12.xsd:0: warning: id-idref-idrefs-entity-entities-notation: For compatibility, type 'IDREF' should only be used for attributes (used for element 'IDREF@http://www.w3.org/2003/05/soap-encoding').
2018-05-30 11:09:20,734 WARN  [SchemaUtils] Error: jar:file:/E:/Java/.m2/repository/com/eviware/soapui/5.4.0/soapui-5.4.0.jar!/com/eviware/soapui/resources/xsds/soapEncoding12.xsd:0: warning: id-idref-idrefs-entity-entities-notation: For compatibility, type 'ENTITY' should only be used for attributes (used for element 'ENTITY@http://www.w3.org/2003/05/soap-encoding').
2018-05-30 11:09:20,734 WARN  [SchemaUtils] Error: jar:file:/E:/Java/.m2/repository/com/eviware/soapui/5.4.0/soapui-5.4.0.jar!/com/eviware/soapui/resources/xsds/soapEncoding12.xsd:0: warning: id-idref-idrefs-entity-entities-notation: For compatibility, type 'IDREFS' should only be used for attributes (used for element 'IDREFS@http://www.w3.org/2003/05/soap-encoding').
2018-05-30 11:09:20,734 WARN  [SchemaUtils] Error: jar:file:/E:/Java/.m2/repository/com/eviware/soapui/5.4.0/soapui-5.4.0.jar!/com/eviware/soapui/resources/xsds/soapEncoding12.xsd:0: warning: id-idref-idrefs-entity-entities-notation: For compatibility, type 'ENTITIES' should only be used for attributes (used for element 'ENTITIES@http://www.w3.org/2003/05/soap-encoding').
2018-05-30 11:09:20,734 WARN  [SchemaUtils] Error: jar:file:/E:/Java/.m2/repository/com/eviware/soapui/5.4.0/soapui-5.4.0.jar!/com/eviware/soapui/resources/xsds/soapEncoding.xsd:0: warning: id-idref-idrefs-entity-entities-notation: For compatibility, type 'ID' should only be used for attributes (used for element 'ID@http://schemas.xmlsoap.org/soap/encoding/').
2018-05-30 11:09:20,734 WARN  [SchemaUtils] Error: jar:file:/E:/Java/.m2/repository/com/eviware/soapui/5.4.0/soapui-5.4.0.jar!/com/eviware/soapui/resources/xsds/soapEncoding.xsd:0: warning: id-idref-idrefs-entity-entities-notation: For compatibility, type 'IDREF' should only be used for attributes (used for element 'IDREF@http://schemas.xmlsoap.org/soap/encoding/').
2018-05-30 11:09:20,735 WARN  [SchemaUtils] Error: jar:file:/E:/Java/.m2/repository/com/eviware/soapui/5.4.0/soapui-5.4.0.jar!/com/eviware/soapui/resources/xsds/soapEncoding.xsd:0: warning: id-idref-idrefs-entity-entities-notation: For compatibility, type 'ENTITY' should only be used for attributes (used for element 'ENTITY@http://schemas.xmlsoap.org/soap/encoding/').
2018-05-30 11:09:20,735 WARN  [SchemaUtils] Error: jar:file:/E:/Java/.m2/repository/com/eviware/soapui/5.4.0/soapui-5.4.0.jar!/com/eviware/soapui/resources/xsds/soapEncoding.xsd:0: warning: id-idref-idrefs-entity-entities-notation: For compatibility, type 'IDREFS' should only be used for attributes (used for element 'IDREFS@http://schemas.xmlsoap.org/soap/encoding/').
2018-05-30 11:09:20,735 WARN  [SchemaUtils] Error: jar:file:/E:/Java/.m2/repository/com/eviware/soapui/5.4.0/soapui-5.4.0.jar!/com/eviware/soapui/resources/xsds/soapEncoding.xsd:0: warning: id-idref-idrefs-entity-entities-notation: For compatibility, type 'ENTITIES' should only be used for attributes (used for element 'ENTITIES@http://schemas.xmlsoap.org/soap/encoding/').
2018-05-30 11:09:20,741 INFO  [WsdlImporter] Finding importer for {http://WebXml.com.cn/}IpAddressSearchWebServiceSoap
2018-05-30 11:09:20,743 INFO  [WsdlImporter] Importing binding {http://WebXml.com.cn/}IpAddressSearchWebServiceSoap
2018-05-30 11:09:20,755 INFO  [Soap11HttpBindingImporter] importing endpoint http://www.webxml.com.cn/WebServices/IpAddressSearchWebService.asmx
2018-05-30 11:09:20,782 INFO  [Soap11HttpBindingImporter] importing operation getCountryCityByIp
2018-05-30 11:09:20,794 INFO  [Soap11HttpBindingImporter] importing operation getGeoIPContext
2018-05-30 11:09:20,794 INFO  [Soap11HttpBindingImporter] importing operation getVersionTime
2018-05-30 11:09:20,827 INFO  [WsdlImporter] Finding importer for {http://WebXml.com.cn/}IpAddressSearchWebServiceHttpPost
2018-05-30 11:09:20,827 INFO  [WsdlImporter] Missing importer for {http://WebXml.com.cn/}IpAddressSearchWebServiceHttpPost
2018-05-30 11:09:20,827 INFO  [WsdlImporter] Finding importer for {http://WebXml.com.cn/}IpAddressSearchWebServiceHttpGet
2018-05-30 11:09:20,828 INFO  [WsdlImporter] Missing importer for {http://WebXml.com.cn/}IpAddressSearchWebServiceHttpGet
2018-05-30 11:09:20,828 INFO  [WsdlImporter] Finding importer for {http://WebXml.com.cn/}IpAddressSearchWebServiceSoap12
2018-05-30 11:09:20,828 INFO  [WsdlImporter] Importing binding {http://WebXml.com.cn/}IpAddressSearchWebServiceSoap12
2018-05-30 11:09:20,828 INFO  [Soap12HttpBindingImporter] importing endpoint http://www.webxml.com.cn/WebServices/IpAddressSearchWebService.asmx
2018-05-30 11:09:20,828 INFO  [Soap12HttpBindingImporter] importing operation getCountryCityByIp
2018-05-30 11:09:20,829 INFO  [Soap12HttpBindingImporter] importing operation getGeoIPContext
2018-05-30 11:09:20,829 INFO  [Soap12HttpBindingImporter] importing operation getVersionTime
2018-05-30 11:09:20,829 INFO  [WsdlImporter] Finding importer for {http://WebXml.com.cn/}IpAddressSearchWebServiceHttpPost
2018-05-30 11:09:20,829 INFO  [WsdlImporter] Missing importer for {http://WebXml.com.cn/}IpAddressSearchWebServiceHttpPost
2018-05-30 11:09:20,829 INFO  [WsdlImporter] Finding importer for {http://WebXml.com.cn/}IpAddressSearchWebServiceHttpGet
2018-05-30 11:09:20,829 INFO  [WsdlImporter] Missing importer for {http://WebXml.com.cn/}IpAddressSearchWebServiceHttpGet
